Thu Jul 27 2023 12:21:33 GMT+0530 (India Standard Time) - /regsister - POST 
Thu Jul 27 2023 12:21:46 GMT+0530 (India Standard Time) - /register - POST 
Thu Jul 27 2023 12:21:53 GMT+0530 (India Standard Time) - /register - POST 
Thu Jul 27 2023 12:22:19 GMT+0530 (India Standard Time) - /register - POST 
Thu Jul 27 2023 12:22:58 GMT+0530 (India Standard Time) - /register - POST 
Thu Jul 27 2023 12:26:37 GMT+0530 (India Standard Time) - /register - POST 
Thu Jul 27 2023 12:28:31 GMT+0530 (India Standard Time) - /register - POST 
Thu Jul 27 2023 12:29:40 GMT+0530 (India Standard Time) - /register - POST 
Thu Jul 27 2023 12:31:31 GMT+0530 (India Standard Time) - /register - POST 
Thu Jul 27 2023 12:31:46 GMT+0530 (India Standard Time) - /register - POST 
Thu Jul 27 2023 12:31:57 GMT+0530 (India Standard Time) - /register - POST 
Thu Jul 27 2023 12:32:44 GMT+0530 (India Standard Time) - /register - POST 
Thu Jul 27 2023 12:33:37 GMT+0530 (India Standard Time) - /register - POST 
Thu Jul 27 2023 12:46:26 GMT+0530 (India Standard Time) - /register - POST 
Thu Jul 27 2023 12:46:34 GMT+0530 (India Standard Time) - /register - POST 
Thu Jul 27 2023 12:46:40 GMT+0530 (India Standard Time) - /register - POST 
Thu Jul 27 2023 12:47:30 GMT+0530 (India Standard Time) - /register - POST 
Thu Jul 27 2023 12:47:34 GMT+0530 (India Standard Time) - /register - POST 
Thu Jul 27 2023 12:48:06 GMT+0530 (India Standard Time) - /register - POST 
Thu Jul 27 2023 12:48:16 GMT+0530 (India Standard Time) - /register - POST 
Thu Jul 27 2023 12:49:22 GMT+0530 (India Standard Time) - /register - POST 
Thu Jul 27 2023 14:33:55 GMT+0530 (India Standard Time) - /register - POST 
Thu Jul 27 2023 14:34:26 GMT+0530 (India Standard Time) - /register - POST 
Thu Jul 27 2023 14:35:22 GMT+0530 (India Standard Time) - /register - POST 
Thu Jul 27 2023 14:37:10 GMT+0530 (India Standard Time) - /register - POST 
Thu Jul 27 2023 14:37:17 GMT+0530 (India Standard Time) - /register - POST 
Thu Jul 27 2023 14:37:24 GMT+0530 (India Standard Time) - /register - POST 
Thu Jul 27 2023 14:37:29 GMT+0530 (India Standard Time) - /register - POST 
Thu Jul 27 2023 14:37:36 GMT+0530 (India Standard Time) - /register - POST 
Thu Jul 27 2023 14:39:58 GMT+0530 (India Standard Time) - /register - POST 
Thu Jul 27 2023 14:41:28 GMT+0530 (India Standard Time) - /register - POST 
Thu Jul 27 2023 14:41:34 GMT+0530 (India Standard Time) - /register - POST 
Thu Jul 27 2023 14:41:39 GMT+0530 (India Standard Time) - /register - POST 
Thu Jul 27 2023 14:41:44 GMT+0530 (India Standard Time) - /register - POST 
Thu Jul 27 2023 14:41:52 GMT+0530 (India Standard Time) - /register - POST 
Thu Jul 27 2023 14:41:58 GMT+0530 (India Standard Time) - /register - POST 
Thu Jul 27 2023 14:42:30 GMT+0530 (India Standard Time) - /register - POST 
Thu Jul 27 2023 14:42:57 GMT+0530 (India Standard Time) - /register - POST 
Thu Jul 27 2023 15:13:06 GMT+0530 (India Standard Time) - /login - GET 
Thu Jul 27 2023 15:13:43 GMT+0530 (India Standard Time) - /login - GET 
Thu Jul 27 2023 15:15:33 GMT+0530 (India Standard Time) - /login - GET 
Thu Jul 27 2023 15:15:51 GMT+0530 (India Standard Time) - /login - GET 
Thu Jul 27 2023 15:17:14 GMT+0530 (India Standard Time) - /login - GET 
Thu Jul 27 2023 15:18:08 GMT+0530 (India Standard Time) - /login - GET 
Thu Jul 27 2023 15:18:38 GMT+0530 (India Standard Time) - /login - GET 
Thu Jul 27 2023 15:18:50 GMT+0530 (India Standard Time) - /login - GET 
Thu Jul 27 2023 15:19:52 GMT+0530 (India Standard Time) - /login - GET 
Thu Jul 27 2023 15:22:58 GMT+0530 (India Standard Time) - /login - GET 
Thu Jul 27 2023 15:23:04 GMT+0530 (India Standard Time) - /login - GET 
Thu Jul 27 2023 15:23:18 GMT+0530 (India Standard Time) - /login - GET 
Thu Jul 27 2023 15:23:27 GMT+0530 (India Standard Time) - /login - GET 
Thu Jul 27 2023 15:24:20 GMT+0530 (India Standard Time) - /login - GET 
Thu Jul 27 2023 15:24:50 GMT+0530 (India Standard Time) - /login - GET 
Thu Jul 27 2023 15:26:25 GMT+0530 (India Standard Time) - /login - GET 
Thu Jul 27 2023 15:28:21 GMT+0530 (India Standard Time) - /login - GET 
Thu Jul 27 2023 15:28:45 GMT+0530 (India Standard Time) - /login - GET 
Thu Jul 27 2023 15:32:47 GMT+0530 (India Standard Time) - /login - GET 
Thu Jul 27 2023 15:33:06 GMT+0530 (India Standard Time) - /login - GET 
Thu Jul 27 2023 15:33:14 GMT+0530 (India Standard Time) - /login - GET 
Thu Jul 27 2023 15:35:34 GMT+0530 (India Standard Time) - /register - POST 
Thu Jul 27 2023 15:35:40 GMT+0530 (India Standard Time) - /register - POST 
Thu Jul 27 2023 15:35:47 GMT+0530 (India Standard Time) - /register - POST 
Thu Jul 27 2023 15:35:52 GMT+0530 (India Standard Time) - /register - POST 
Thu Jul 27 2023 15:35:58 GMT+0530 (India Standard Time) - /register - POST 
Thu Jul 27 2023 15:36:03 GMT+0530 (India Standard Time) - /register - POST 
Thu Jul 27 2023 15:39:50 GMT+0530 (India Standard Time) - /register - POST 
Thu Jul 27 2023 15:40:17 GMT+0530 (India Standard Time) - /register - POST 
Thu Jul 27 2023 15:41:56 GMT+0530 (India Standard Time) - /login - GET 
Thu Jul 27 2023 15:42:07 GMT+0530 (India Standard Time) - /login - GET 
Thu Jul 27 2023 15:42:18 GMT+0530 (India Standard Time) - /login - GET 
Thu Jul 27 2023 15:42:56 GMT+0530 (India Standard Time) - /login - GET 
Thu Jul 27 2023 15:43:18 GMT+0530 (India Standard Time) - /login - GET 
Thu Jul 27 2023 15:43:46 GMT+0530 (India Standard Time) - /login - GET 
Thu Jul 27 2023 15:43:59 GMT+0530 (India Standard Time) - /login - GET 
Thu Jul 27 2023 15:44:05 GMT+0530 (India Standard Time) - /login - GET 
Thu Jul 27 2023 15:44:16 GMT+0530 (India Standard Time) - /login - GET 
Thu Jul 27 2023 16:12:50 GMT+0530 (India Standard Time) - /hotels - GET 
Thu Jul 27 2023 16:14:10 GMT+0530 (India Standard Time) - /hotels - GET 
Thu Jul 27 2023 16:16:27 GMT+0530 (India Standard Time) - /hotels - GET 
Thu Jul 27 2023 16:35:05 GMT+0530 (India Standard Time) - /bookings - GET 
Thu Jul 27 2023 16:35:09 GMT+0530 (India Standard Time) - /bookings - POST 
Thu Jul 27 2023 16:36:09 GMT+0530 (India Standard Time) - /bookings - POST 
Thu Jul 27 2023 16:39:48 GMT+0530 (India Standard Time) - /bookings - POST 
Thu Jul 27 2023 16:43:46 GMT+0530 (India Standard Time) - /bookings - POST 
Thu Jul 27 2023 16:45:18 GMT+0530 (India Standard Time) - /bookings - POST 
Thu Jul 27 2023 16:46:47 GMT+0530 (India Standard Time) - /bookings - POST 
Thu Jul 27 2023 16:47:19 GMT+0530 (India Standard Time) - /bookings - POST 
Thu Jul 27 2023 16:48:04 GMT+0530 (India Standard Time) - /bookings - POST 
Thu Jul 27 2023 16:49:00 GMT+0530 (India Standard Time) - /bookings - POST 
Thu Jul 27 2023 16:50:34 GMT+0530 (India Standard Time) - /bookings - POST 
Thu Jul 27 2023 16:52:58 GMT+0530 (India Standard Time) - /bookings - POST 
Thu Jul 27 2023 17:08:34 GMT+0530 (India Standard Time) - /bookings - POST 
Thu Jul 27 2023 17:11:48 GMT+0530 (India Standard Time) - /bookings - POST 
Thu Jul 27 2023 17:12:27 GMT+0530 (India Standard Time) - /bookings - POST 
Thu Jul 27 2023 17:13:23 GMT+0530 (India Standard Time) - /bookings - POST 
Thu Jul 27 2023 17:13:56 GMT+0530 (India Standard Time) - /bookings - POST 
Thu Jul 27 2023 17:14:52 GMT+0530 (India Standard Time) - /bookings - POST 
Thu Jul 27 2023 17:15:56 GMT+0530 (India Standard Time) - /bookings - POST 
Thu Jul 27 2023 17:16:30 GMT+0530 (India Standard Time) - /bookings - POST 
Thu Jul 27 2023 17:16:58 GMT+0530 (India Standard Time) - /bookings - POST 
Thu Jul 27 2023 17:19:49 GMT+0530 (India Standard Time) - /bookings - POST 
Thu Jul 27 2023 17:20:14 GMT+0530 (India Standard Time) - /bookings - POST 
Thu Jul 27 2023 17:20:35 GMT+0530 (India Standard Time) - /bookings - POST 
Thu Jul 27 2023 17:21:03 GMT+0530 (India Standard Time) - /bookings - POST 
Thu Jul 27 2023 17:21:21 GMT+0530 (India Standard Time) - /bookings - POST 
Thu Jul 27 2023 17:31:46 GMT+0530 (India Standard Time) - /bookings - POST 
Thu Jul 27 2023 17:32:49 GMT+0530 (India Standard Time) - /bookings - POST 
Thu Jul 27 2023 17:35:01 GMT+0530 (India Standard Time) - /bookings - POST 
Thu Jul 27 2023 17:35:11 GMT+0530 (India Standard Time) - /bookings - POST 
Thu Jul 27 2023 17:35:20 GMT+0530 (India Standard Time) - /bookings - POST 
Thu Jul 27 2023 17:35:26 GMT+0530 (India Standard Time) - /bookings - POST 
Fri Jul 28 2023 10:40:33 GMT+0530 (India Standard Time) - /bookings - POST 
Fri Jul 28 2023 10:41:40 GMT+0530 (India Standard Time) - /bookings - POST 
Fri Jul 28 2023 10:41:48 GMT+0530 (India Standard Time) - /bookings - POST 
Fri Jul 28 2023 10:42:33 GMT+0530 (India Standard Time) - /bookings - POST 
Fri Jul 28 2023 10:43:05 GMT+0530 (India Standard Time) - /bookings - POST 
Fri Jul 28 2023 10:43:32 GMT+0530 (India Standard Time) - /bookings - POST 
Fri Jul 28 2023 10:46:11 GMT+0530 (India Standard Time) - /bookings - POST 
Fri Jul 28 2023 10:46:30 GMT+0530 (India Standard Time) - /bookings - POST 
Fri Jul 28 2023 10:47:06 GMT+0530 (India Standard Time) - /bookings - POST 
Fri Jul 28 2023 10:48:28 GMT+0530 (India Standard Time) - /bookings - POST 
Fri Jul 28 2023 10:50:02 GMT+0530 (India Standard Time) - /bookings - POST 
Fri Jul 28 2023 10:50:17 GMT+0530 (India Standard Time) - /bookings - POST 
Fri Jul 28 2023 10:52:22 GMT+0530 (India Standard Time) - /bookings - POST 
Fri Jul 28 2023 10:53:22 GMT+0530 (India Standard Time) - /bookings - POST 
Fri Jul 28 2023 10:54:00 GMT+0530 (India Standard Time) - /bookings - POST 
Fri Jul 28 2023 10:54:05 GMT+0530 (India Standard Time) - /bookings - POST 
Fri Jul 28 2023 10:54:07 GMT+0530 (India Standard Time) - /bookings - POST 
Fri Jul 28 2023 10:54:31 GMT+0530 (India Standard Time) - /bookings - POST 
Fri Jul 28 2023 10:55:39 GMT+0530 (India Standard Time) - /bookings - POST 
Fri Jul 28 2023 10:56:23 GMT+0530 (India Standard Time) - /bookings - POST 
Fri Jul 28 2023 10:58:57 GMT+0530 (India Standard Time) - /bookings - POST 
Fri Jul 28 2023 10:59:08 GMT+0530 (India Standard Time) - /bookings - POST 
Fri Jul 28 2023 10:59:34 GMT+0530 (India Standard Time) - /bookings - POST 
Fri Jul 28 2023 10:59:38 GMT+0530 (India Standard Time) - /bookings - POST 
Fri Jul 28 2023 10:59:43 GMT+0530 (India Standard Time) - /bookings - POST 
Fri Jul 28 2023 11:04:30 GMT+0530 (India Standard Time) - /bookings/U-00 - POST 
Fri Jul 28 2023 11:04:35 GMT+0530 (India Standard Time) - /bookings/U-000 - POST 
Fri Jul 28 2023 11:04:55 GMT+0530 (India Standard Time) - /bookings/U-001 - POST 
Fri Jul 28 2023 11:06:37 GMT+0530 (India Standard Time) - /bookings/U-00 - POST 
Fri Jul 28 2023 11:09:13 GMT+0530 (India Standard Time) - /bookings/U-00/Paradise%20Stay - POST 
Fri Jul 28 2023 11:09:20 GMT+0530 (India Standard Time) - /bookings/U-001/Paradise - POST 
Fri Jul 28 2023 11:09:25 GMT+0530 (India Standard Time) - /bookings/U-001/Paradise%20Stay - POST 
Fri Jul 28 2023 11:22:07 GMT+0530 (India Standard Time) - /bookings/U-001/Paradise%20Stay - POST 
Fri Jul 28 2023 11:24:44 GMT+0530 (India Standard Time) - /bookings/U-001/Paradise%20Stay - POST 
Fri Jul 28 2023 11:25:03 GMT+0530 (India Standard Time) - /bookings/U-001/Paradise%20Stay - POST 
Fri Jul 28 2023 11:25:33 GMT+0530 (India Standard Time) - /bookings/U-001/Paradise%20Stay - POST 
Fri Jul 28 2023 11:26:37 GMT+0530 (India Standard Time) - /bookings/U-001/Paradise%20Stay - POST 
Fri Jul 28 2023 11:28:01 GMT+0530 (India Standard Time) - /bookings/U-001/Paradise%20Stay - POST 
Fri Jul 28 2023 11:28:55 GMT+0530 (India Standard Time) - /bookings/U-001/Paradise%20Stay - POST 
Fri Jul 28 2023 11:29:32 GMT+0530 (India Standard Time) - /bookings/U-001/Paradise%20Stay - POST 
Fri Jul 28 2023 11:30:55 GMT+0530 (India Standard Time) - /bookings/U-001/Paradise%20Stay - POST 
Fri Jul 28 2023 11:31:25 GMT+0530 (India Standard Time) - /bookings/U-001/Paradise%20Stay - POST 
Fri Jul 28 2023 11:31:41 GMT+0530 (India Standard Time) - /bookings/U-001/Paradise%20Stay - POST 
Fri Jul 28 2023 11:38:41 GMT+0530 (India Standard Time) - /bookings/U-001/Paradise%20Stay - POST 
Fri Jul 28 2023 11:39:46 GMT+0530 (India Standard Time) - /bookings/U-001/Paradise%20Stay - POST 
Fri Jul 28 2023 11:40:15 GMT+0530 (India Standard Time) - /bookings/U-001/Paradise%20Stay - POST 
Fri Jul 28 2023 11:41:05 GMT+0530 (India Standard Time) - /bookings/U-001/Paradise%20Stay - POST 
Fri Jul 28 2023 11:41:26 GMT+0530 (India Standard Time) - /bookings/U-001/Paradise%20Stay - POST 
Fri Jul 28 2023 11:42:23 GMT+0530 (India Standard Time) - /bookings/U-001/Paradise%20Stay - POST 
Fri Jul 28 2023 11:42:47 GMT+0530 (India Standard Time) - /bookings/U-001/Paradise%20Stay - POST 
Fri Jul 28 2023 11:44:25 GMT+0530 (India Standard Time) - /bookings/U-001/Paradise%20Stay - POST 
Fri Jul 28 2023 11:45:19 GMT+0530 (India Standard Time) - /bookings/U-001/Paradise%20Stay - POST 
Fri Jul 28 2023 12:02:24 GMT+0530 (India Standard Time) - /bookings/U-001/Paradise%20Stay - POST 
Fri Jul 28 2023 12:06:58 GMT+0530 (India Standard Time) - /bookings/U-001/Paradise%20Stay - POST 
Fri Jul 28 2023 12:08:04 GMT+0530 (India Standard Time) - /bookings/U-001/Paradise%20Stay - POST 
Fri Jul 28 2023 12:09:45 GMT+0530 (India Standard Time) - /bookings/U-001/Paradise%20Stay - POST 
Fri Jul 28 2023 12:09:58 GMT+0530 (India Standard Time) - /bookings/U-001/Paradise%20Stay - POST 
Fri Jul 28 2023 12:10:12 GMT+0530 (India Standard Time) - /bookings/U-001/Paradise%20Stay - POST 
Fri Jul 28 2023 12:12:39 GMT+0530 (India Standard Time) - /bookings/U-001/Paradise%20Stay - POST 
Fri Jul 28 2023 12:13:24 GMT+0530 (India Standard Time) - /bookings/U-001/Paradise%20Stay - POST 
Fri Jul 28 2023 12:14:18 GMT+0530 (India Standard Time) - /bookings/U-001/Paradise%20Stay - POST 
Fri Jul 28 2023 12:15:11 GMT+0530 (India Standard Time) - /bookings/U-001/Paradise%20Stay - POST 
Fri Jul 28 2023 12:15:52 GMT+0530 (India Standard Time) - /bookings/U-001/Paradise%20Stay - POST 
Fri Jul 28 2023 12:16:21 GMT+0530 (India Standard Time) - /bookings/U-001/Paradise%20Stay - POST 
Fri Jul 28 2023 12:16:40 GMT+0530 (India Standard Time) - /bookings/U-001/Paradise%20Stay - POST 
Fri Jul 28 2023 12:17:10 GMT+0530 (India Standard Time) - /bookings/U-001/Paradise%20Stay - POST 
Fri Jul 28 2023 12:17:25 GMT+0530 (India Standard Time) - /bookings/U-001/Paradise%20Stay - POST 
Fri Jul 28 2023 12:18:38 GMT+0530 (India Standard Time) - /bookings/U-001/Paradise%20Stay - POST 
Fri Jul 28 2023 12:21:47 GMT+0530 (India Standard Time) - /bookings/U-001/Paradise%20Stay - POST 
Fri Jul 28 2023 12:23:43 GMT+0530 (India Standard Time) - /bookings/U-001/Paradise%20Stay - POST 
Fri Jul 28 2023 12:23:55 GMT+0530 (India Standard Time) - /bookings/U-000/Paradise%20Stay - POST 
Fri Jul 28 2023 12:24:24 GMT+0530 (India Standard Time) - /bookings/U-000/Paradise%20Stay - POST 
Fri Jul 28 2023 12:24:45 GMT+0530 (India Standard Time) - /bookings/U-000/Paradise%20Stay - POST 
Fri Jul 28 2023 12:25:03 GMT+0530 (India Standard Time) - /bookings/U-000/Paradise%20Stay - POST 
Fri Jul 28 2023 12:25:26 GMT+0530 (India Standard Time) - /bookings/U-000/Paradise%20Stay - POST 
Fri Jul 28 2023 12:32:29 GMT+0530 (India Standard Time) - /bookings/U-000/Paradise%20Stay - POST 
Fri Jul 28 2023 12:34:35 GMT+0530 (India Standard Time) - /bookings/U-000/Zam%20Zam - POST 
Fri Jul 28 2023 12:35:55 GMT+0530 (India Standard Time) - /bookings/U-000/Zam%20Zam - POST 
Fri Jul 28 2023 12:36:57 GMT+0530 (India Standard Time) - /bookings/U-000/Zam%20Zam - POST 
Fri Jul 28 2023 12:37:16 GMT+0530 (India Standard Time) - /bookings/U-000/Zam%20Zam - POST 
Fri Jul 28 2023 12:37:33 GMT+0530 (India Standard Time) - /bookings/U-000/Paradise%20Stay - POST 
Fri Jul 28 2023 12:38:11 GMT+0530 (India Standard Time) - /bookings/U-001/Paradise%20Stay - POST 
Fri Jul 28 2023 12:38:29 GMT+0530 (India Standard Time) - /bookings/U-001/Zam%20Zam - POST 
Fri Jul 28 2023 12:40:31 GMT+0530 (India Standard Time) - /bookings/U-000/Zam%20Zam - POST 
Fri Jul 28 2023 12:41:51 GMT+0530 (India Standard Time) - /bookings/U-001/Zam%20Zam - POST 
Fri Jul 28 2023 12:42:18 GMT+0530 (India Standard Time) - /bookings/U-001/Zam%20Zam - POST 
Fri Jul 28 2023 12:42:48 GMT+0530 (India Standard Time) - /bookings/U-001/Zam%20Zam - POST 
Fri Jul 28 2023 12:42:54 GMT+0530 (India Standard Time) - /bookings/U-001/Zam%20Zam - POST 
Fri Jul 28 2023 12:43:15 GMT+0530 (India Standard Time) - /bookings/U-001/Zam%20Zam - POST 
Fri Jul 28 2023 12:43:21 GMT+0530 (India Standard Time) - /bookings/U-001/Zam%20Zam - POST 
Fri Jul 28 2023 12:43:43 GMT+0530 (India Standard Time) - /bookings/U-000/Zam%20Zam - POST 
Fri Jul 28 2023 12:43:58 GMT+0530 (India Standard Time) - /bookings/U-000/Zam%20Zams - POST 
Fri Jul 28 2023 12:44:07 GMT+0530 (India Standard Time) - /bookings/U-001/Zam%20Zams - POST 
Fri Jul 28 2023 12:44:22 GMT+0530 (India Standard Time) - /bookings/U-001/Zam%20Zam - POST 
Fri Jul 28 2023 12:44:41 GMT+0530 (India Standard Time) - /bookings/U-001/Paradise%20Stay - POST 
Fri Jul 28 2023 12:45:13 GMT+0530 (India Standard Time) - /hotels - GET 
Fri Jul 28 2023 12:45:55 GMT+0530 (India Standard Time) - /bookings/U-001/Zam%20Zam - POST 
Fri Jul 28 2023 12:48:10 GMT+0530 (India Standard Time) - /register - POST 
Fri Jul 28 2023 12:48:21 GMT+0530 (India Standard Time) - /register - POST 
Fri Jul 28 2023 12:48:36 GMT+0530 (India Standard Time) - /register - POST 
Fri Jul 28 2023 12:48:40 GMT+0530 (India Standard Time) - /register - POST 
Fri Jul 28 2023 12:49:03 GMT+0530 (India Standard Time) - /register - POST 
Fri Jul 28 2023 12:49:19 GMT+0530 (India Standard Time) - /register - POST 
Fri Jul 28 2023 12:50:19 GMT+0530 (India Standard Time) - /register - POST 
Fri Jul 28 2023 12:51:24 GMT+0530 (India Standard Time) - /login - GET 
Fri Jul 28 2023 12:51:29 GMT+0530 (India Standard Time) - /login - GET 
Fri Jul 28 2023 12:51:36 GMT+0530 (India Standard Time) - /login - GET 
Fri Jul 28 2023 14:40:29 GMT+0530 (India Standard Time) - /register - POST 
Fri Jul 28 2023 14:42:42 GMT+0530 (India Standard Time) - /register - POST 
Fri Jul 28 2023 14:44:06 GMT+0530 (India Standard Time) - /register - POST 
Fri Jul 28 2023 14:45:25 GMT+0530 (India Standard Time) - /register - POST 
Fri Jul 28 2023 14:46:12 GMT+0530 (India Standard Time) - /register - POST 
Fri Jul 28 2023 14:47:00 GMT+0530 (India Standard Time) - /register - POST 
Fri Jul 28 2023 14:47:50 GMT+0530 (India Standard Time) - /login - GET 
Fri Jul 28 2023 14:48:19 GMT+0530 (India Standard Time) - /login - GET 
Fri Jul 28 2023 14:48:25 GMT+0530 (India Standard Time) - /login - GET 
Fri Jul 28 2023 14:48:56 GMT+0530 (India Standard Time) - /login - GET 
Fri Jul 28 2023 14:51:46 GMT+0530 (India Standard Time) - /bookings/U-001/Zam%20Zam - POST 
Fri Jul 28 2023 14:51:55 GMT+0530 (India Standard Time) - /bookings/U-001/Zam%20Zam - POST 
Fri Jul 28 2023 14:52:04 GMT+0530 (India Standard Time) - /bookings/U-001/Zam%20Zam - POST 
Fri Jul 28 2023 14:52:12 GMT+0530 (India Standard Time) - /bookings/U-001/Zam%20Zam - POST 
Fri Jul 28 2023 14:52:18 GMT+0530 (India Standard Time) - /bookings/U-001/Zam%20Zam - POST 
Fri Jul 28 2023 14:52:33 GMT+0530 (India Standard Time) - /bookings/U-001/Zam%20Zam - POST 
Fri Jul 28 2023 14:52:56 GMT+0530 (India Standard Time) - /bookings/U-000/Zam%20Zam - POST 
Fri Jul 28 2023 14:53:03 GMT+0530 (India Standard Time) - /bookings/U-000/Zam%20Zam - POST 
Fri Jul 28 2023 15:03:45 GMT+0530 (India Standard Time) - /bookings/U-000 - PUT 
Fri Jul 28 2023 15:04:09 GMT+0530 (India Standard Time) - /bookings/U-000 - PUT 
Fri Jul 28 2023 15:05:08 GMT+0530 (India Standard Time) - /bookings/U-000 - PUT 
Fri Jul 28 2023 15:06:03 GMT+0530 (India Standard Time) - /bookings/U-000 - PUT 
Fri Jul 28 2023 15:07:05 GMT+0530 (India Standard Time) - /bookings/U-000 - PUT 
Fri Jul 28 2023 15:08:42 GMT+0530 (India Standard Time) - /bookings/U-000 - PUT 
Fri Jul 28 2023 15:10:39 GMT+0530 (India Standard Time) - /bookings/U-000 - PUT 
Fri Jul 28 2023 15:11:02 GMT+0530 (India Standard Time) - /bookings/U-000 - PUT 
Fri Jul 28 2023 15:11:21 GMT+0530 (India Standard Time) - /bookings/U-000 - PUT 
Fri Jul 28 2023 15:13:10 GMT+0530 (India Standard Time) - /bookings/U-000 - PUT 
Fri Jul 28 2023 15:13:50 GMT+0530 (India Standard Time) - /bookings/U-000 - PUT 
Fri Jul 28 2023 15:14:45 GMT+0530 (India Standard Time) - /bookings/U-000 - PUT 
Fri Jul 28 2023 15:15:18 GMT+0530 (India Standard Time) - /bookings/U-000 - PUT 
Fri Jul 28 2023 15:15:39 GMT+0530 (India Standard Time) - /bookings/U-000 - PUT 
Fri Jul 28 2023 15:16:30 GMT+0530 (India Standard Time) - /bookings/U-000 - PUT 
Fri Jul 28 2023 15:18:47 GMT+0530 (India Standard Time) - /bookings/U-000 - PUT 
Fri Jul 28 2023 15:24:18 GMT+0530 (India Standard Time) - /bookings/U-000 - PUT 
Fri Jul 28 2023 15:24:48 GMT+0530 (India Standard Time) - /bookings/U-000 - PUT 
Fri Jul 28 2023 15:25:10 GMT+0530 (India Standard Time) - /bookings/U-001 - PUT 
Fri Jul 28 2023 15:25:24 GMT+0530 (India Standard Time) - /bookings/U-001 - PUT 
Fri Jul 28 2023 15:27:28 GMT+0530 (India Standard Time) - /bookings/U-001 - PUT 
Fri Jul 28 2023 15:27:34 GMT+0530 (India Standard Time) - /bookings/U-001 - PUT 
Fri Jul 28 2023 15:27:39 GMT+0530 (India Standard Time) - /bookings/U-001 - PUT 
Fri Jul 28 2023 15:28:35 GMT+0530 (India Standard Time) - /bookings/U-001 - PUT 
Fri Jul 28 2023 15:29:28 GMT+0530 (India Standard Time) - /bookings/U-001 - PUT 
Fri Jul 28 2023 15:29:31 GMT+0530 (India Standard Time) - /bookings/U-001 - PUT 
Fri Jul 28 2023 15:30:15 GMT+0530 (India Standard Time) - /bookings/U-001 - PUT 
Fri Jul 28 2023 15:32:12 GMT+0530 (India Standard Time) - /bookings/U-001 - PUT 
Fri Jul 28 2023 15:32:38 GMT+0530 (India Standard Time) - /bookings/U-001 - PUT 
Fri Jul 28 2023 15:33:59 GMT+0530 (India Standard Time) - /bookings/U-001 - PUT 
Fri Jul 28 2023 15:34:18 GMT+0530 (India Standard Time) - /bookings/U-001 - PUT 
Fri Jul 28 2023 15:35:21 GMT+0530 (India Standard Time) - /bookings/U-001 - PUT 
Fri Jul 28 2023 15:35:35 GMT+0530 (India Standard Time) - /bookings/U-001 - PUT 
Fri Jul 28 2023 15:35:42 GMT+0530 (India Standard Time) - /bookings/U-001 - PUT 
Fri Jul 28 2023 15:39:42 GMT+0530 (India Standard Time) - /bookings/U-001 - PUT 
Fri Jul 28 2023 15:39:53 GMT+0530 (India Standard Time) - /bookings/U-001 - PUT 
Fri Jul 28 2023 15:40:00 GMT+0530 (India Standard Time) - /bookings/U-001 - PUT 
Fri Jul 28 2023 15:41:31 GMT+0530 (India Standard Time) - /bookings/U-001 - PUT 
Fri Jul 28 2023 15:41:51 GMT+0530 (India Standard Time) - /bookings/U-001 - PUT 
Fri Jul 28 2023 15:42:04 GMT+0530 (India Standard Time) - /bookings/U-001 - PUT 
Fri Jul 28 2023 15:44:35 GMT+0530 (India Standard Time) - /bookings/U-001 - PUT 
Fri Jul 28 2023 15:45:04 GMT+0530 (India Standard Time) - /bookings/U-001 - PUT 
Fri Jul 28 2023 15:45:52 GMT+0530 (India Standard Time) - /bookings/U-001 - PUT 
Fri Jul 28 2023 15:46:14 GMT+0530 (India Standard Time) - /bookings/U-001 - PUT 
Fri Jul 28 2023 15:46:41 GMT+0530 (India Standard Time) - /bookings/U-001 - PUT 
Fri Jul 28 2023 15:47:14 GMT+0530 (India Standard Time) - /bookings/U-001 - PUT 
Fri Jul 28 2023 15:49:18 GMT+0530 (India Standard Time) - /bookings/U-001 - PUT 
Fri Jul 28 2023 15:50:56 GMT+0530 (India Standard Time) - /bookings/U-001 - PUT 
Fri Jul 28 2023 15:51:48 GMT+0530 (India Standard Time) - /bookings/U-001 - PUT 
Fri Jul 28 2023 15:52:45 GMT+0530 (India Standard Time) - /bookings/U-001 - PUT 
Fri Jul 28 2023 15:52:59 GMT+0530 (India Standard Time) - /bookings/U-001 - PUT 
Fri Jul 28 2023 15:53:45 GMT+0530 (India Standard Time) - /bookings/U-001 - PUT 
Fri Jul 28 2023 15:54:10 GMT+0530 (India Standard Time) - /bookings/U-001 - PUT 
Fri Jul 28 2023 15:59:23 GMT+0530 (India Standard Time) - /bookings/U-001 - PUT 
Fri Jul 28 2023 15:59:31 GMT+0530 (India Standard Time) - /bookings/U-001 - PUT 
Fri Jul 28 2023 16:00:42 GMT+0530 (India Standard Time) - /bookings/U-001 - PUT 
Fri Jul 28 2023 16:01:29 GMT+0530 (India Standard Time) - /bookings/U-001 - PUT 
Fri Jul 28 2023 16:01:41 GMT+0530 (India Standard Time) - /bookings/U-001 - PUT 
Fri Jul 28 2023 16:02:41 GMT+0530 (India Standard Time) - /bookings/U-001 - PUT 
Fri Jul 28 2023 16:02:55 GMT+0530 (India Standard Time) - /bookings/U-001 - PUT 
Fri Jul 28 2023 16:03:01 GMT+0530 (India Standard Time) - /bookings/U-001 - PUT 
Fri Jul 28 2023 16:04:06 GMT+0530 (India Standard Time) - /bookings/U-001 - PUT 
Fri Jul 28 2023 16:10:17 GMT+0530 (India Standard Time) - /bookings/U-001 - PUT 
Fri Jul 28 2023 16:11:21 GMT+0530 (India Standard Time) - /bookings/U-000 - PUT 
Fri Jul 28 2023 16:11:45 GMT+0530 (India Standard Time) - /bookings/U-001 - PUT 
Mon Jul 31 2023 16:07:56 GMT+0530 (India Standard Time) - /bookings/U-000/B-000 - DELETE 
Mon Jul 31 2023 16:08:49 GMT+0530 (India Standard Time) - /bookings/U-000/B-000 - DELETE 
Mon Jul 31 2023 16:09:22 GMT+0530 (India Standard Time) - /bookings/U-000/B-000 - DELETE 
Mon Jul 31 2023 16:09:29 GMT+0530 (India Standard Time) - /bookings/U-000/B-001 - DELETE 
Mon Jul 31 2023 16:10:30 GMT+0530 (India Standard Time) - /bookings/U-000/B-001 - DELETE 
Mon Jul 31 2023 16:12:15 GMT+0530 (India Standard Time) - /bookings/U-000/B-001 - DELETE 
Mon Jul 31 2023 16:14:17 GMT+0530 (India Standard Time) - /bookings/U-000/B-001 - DELETE 
Mon Jul 31 2023 16:15:25 GMT+0530 (India Standard Time) - /bookings/U-000/B-001 - DELETE 
Mon Jul 31 2023 16:16:05 GMT+0530 (India Standard Time) - /bookings/U-001/B-001 - DELETE 
Mon Jul 31 2023 16:16:10 GMT+0530 (India Standard Time) - /bookings/U-001/B-000 - DELETE 
Mon Jul 31 2023 16:17:23 GMT+0530 (India Standard Time) - /bookings/U-001/B-000 - DELETE 
Mon Jul 31 2023 16:18:06 GMT+0530 (India Standard Time) - /bookings/U-001/Zam%20Zams - POST 
Mon Jul 31 2023 16:18:55 GMT+0530 (India Standard Time) - /bookings/U-001/Zam%20Zam - POST 
Mon Jul 31 2023 16:19:12 GMT+0530 (India Standard Time) - /bookings/U-000/Paradise%20Stay - POST 
Mon Jul 31 2023 16:19:52 GMT+0530 (India Standard Time) - /bookings/U-000/B-00 - DELETE 
Mon Jul 31 2023 16:19:57 GMT+0530 (India Standard Time) - /bookings/U-000/B-000 - DELETE 
Mon Jul 31 2023 16:20:00 GMT+0530 (India Standard Time) - /bookings/U-000/B-001 - DELETE 
Mon Jul 31 2023 16:22:48 GMT+0530 (India Standard Time) - /bookings/U-000/B-001 - DELETE 
Mon Jul 31 2023 16:24:02 GMT+0530 (India Standard Time) - /bookings/U-000/B-001 - DELETE 
Mon Jul 31 2023 16:24:21 GMT+0530 (India Standard Time) - /bookings/U-001/B-001 - DELETE 
Mon Jul 31 2023 16:24:24 GMT+0530 (India Standard Time) - /bookings/U-001/B-000 - DELETE 
Mon Jul 31 2023 16:24:48 GMT+0530 (India Standard Time) - /bookings/U-001/B-000 - DELETE 
Mon Jul 31 2023 16:25:12 GMT+0530 (India Standard Time) - /bookings/U-001/Zam%20Zam - POST 
Mon Jul 31 2023 16:25:23 GMT+0530 (India Standard Time) - /bookings/U-001/Paradise%20Stay - POST 
Mon Jul 31 2023 16:25:28 GMT+0530 (India Standard Time) - /bookings/U-000/Paradise%20Stay - POST 
Mon Jul 31 2023 16:25:40 GMT+0530 (India Standard Time) - /bookings/U-000/B-000 - DELETE 
Mon Jul 31 2023 16:25:46 GMT+0530 (India Standard Time) - /bookings/U-000/B-001 - DELETE 
Mon Jul 31 2023 16:25:58 GMT+0530 (India Standard Time) - /bookings/U-000/B-001 - DELETE 
Mon Jul 31 2023 16:27:03 GMT+0530 (India Standard Time) - /bookings/U-000/B-001 - DELETE 
Mon Jul 31 2023 16:27:10 GMT+0530 (India Standard Time) - /bookings/U-001/B-001 - DELETE 
Mon Jul 31 2023 16:27:14 GMT+0530 (India Standard Time) - /bookings/U-001/B-000 - DELETE 
Mon Jul 31 2023 16:27:18 GMT+0530 (India Standard Time) - /bookings/U-001/B-000 - DELETE 
Mon Jul 31 2023 16:28:04 GMT+0530 (India Standard Time) - /bookings/U-001/Zam%20Zam - POST 
Mon Jul 31 2023 16:28:12 GMT+0530 (India Standard Time) - /bookings/U-000/Zam%20Zam - POST 
Mon Jul 31 2023 16:29:28 GMT+0530 (India Standard Time) - /bookings/U-000/B-000 - DELETE 
Mon Jul 31 2023 16:29:32 GMT+0530 (India Standard Time) - /bookings/U-000/B-001 - DELETE 
Mon Jul 31 2023 16:29:37 GMT+0530 (India Standard Time) - /bookings/U-000/B-001 - DELETE 
Mon Jul 31 2023 16:29:48 GMT+0530 (India Standard Time) - /bookings/U-000/B-001 - DELETE 
Mon Jul 31 2023 16:29:50 GMT+0530 (India Standard Time) - /bookings/U-000/B-001 - DELETE 
Mon Jul 31 2023 16:30:55 GMT+0530 (India Standard Time) - /bookings/U-000/B-000 - DELETE 
Mon Jul 31 2023 16:31:20 GMT+0530 (India Standard Time) - /bookings/U-001/B-001 - DELETE 
Mon Jul 31 2023 16:31:25 GMT+0530 (India Standard Time) - /bookings/U-001/B-000 - DELETE 
Mon Jul 31 2023 16:31:28 GMT+0530 (India Standard Time) - /bookings/U-001/B-000 - DELETE 
Mon Jul 31 2023 16:31:49 GMT+0530 (India Standard Time) - /bookings/U-001/B-000 - DELETE 
Mon Jul 31 2023 16:32:09 GMT+0530 (India Standard Time) - /bookings/U-001/Zam%20Zam - POST 
Mon Jul 31 2023 16:32:14 GMT+0530 (India Standard Time) - /bookings/U-000/Zam%20Zam - POST 
Mon Jul 31 2023 16:32:27 GMT+0530 (India Standard Time) - /bookings/U-000/B-001 - DELETE 
Mon Jul 31 2023 16:32:31 GMT+0530 (India Standard Time) - /bookings/U-000/B-001 - DELETE 
Mon Jul 31 2023 16:38:45 GMT+0530 (India Standard Time) - /bookings/U-000 - GET 
Mon Jul 31 2023 16:38:58 GMT+0530 (India Standard Time) - /bookings/U-001 - GET 
Mon Jul 31 2023 16:39:11 GMT+0530 (India Standard Time) - /bookings/U-001 - GET 
Mon Jul 31 2023 16:40:31 GMT+0530 (India Standard Time) - /bookings/U-000 - GET 
Mon Jul 31 2023 16:40:38 GMT+0530 (India Standard Time) - /bookings/U-001 - GET 
Mon Jul 31 2023 16:41:16 GMT+0530 (India Standard Time) - /bookings/U-000 - GET 
Mon Jul 31 2023 16:41:21 GMT+0530 (India Standard Time) - /bookings/U-001 - GET 
Mon Jul 31 2023 16:41:44 GMT+0530 (India Standard Time) - /bookings/U-00 - GET 
Mon Jul 31 2023 16:42:21 GMT+0530 (India Standard Time) - /bookings/U-00 - GET 
Mon Jul 31 2023 16:42:24 GMT+0530 (India Standard Time) - /bookings/U-00 - GET 
Mon Jul 31 2023 16:42:25 GMT+0530 (India Standard Time) - /bookings/U-00 - GET 
Mon Jul 31 2023 16:42:31 GMT+0530 (India Standard Time) - /bookings/U-002 - GET 
Mon Jul 31 2023 16:42:57 GMT+0530 (India Standard Time) - /bookings/U-00 - GET 
Mon Jul 31 2023 16:42:58 GMT+0530 (India Standard Time) - /bookings/U-00 - GET 
Mon Jul 31 2023 16:43:19 GMT+0530 (India Standard Time) - /bookings/U-00 - GET 
Mon Jul 31 2023 16:43:26 GMT+0530 (India Standard Time) - /bookings/U-002 - GET 
Mon Jul 31 2023 16:44:29 GMT+0530 (India Standard Time) - /bookings/U-000 - GET 
Mon Jul 31 2023 16:44:33 GMT+0530 (India Standard Time) - /bookings/U-001 - GET 
Mon Jul 31 2023 16:44:40 GMT+0530 (India Standard Time) - /bookings/U-002 - GET 
Mon Jul 31 2023 16:52:27 GMT+0530 (India Standard Time) - /bookings/U-001/Paradise%20Stay - POST 
Mon Jul 31 2023 16:52:37 GMT+0530 (India Standard Time) - /bookings/U-001/Paradise%20Stay - POST 
Mon Jul 31 2023 16:52:47 GMT+0530 (India Standard Time) - /bookings/U-001/Paradise%20Stay - POST 
Mon Jul 31 2023 16:53:00 GMT+0530 (India Standard Time) - /bookings/U-001/Paradise%20Stay - POST 
Mon Jul 31 2023 16:53:08 GMT+0530 (India Standard Time) - /bookings/U-001/Paradise%20Stay - POST 
Mon Jul 31 2023 16:53:14 GMT+0530 (India Standard Time) - /bookings/U-001/Paradise%20Stay - POST 
Mon Jul 31 2023 16:56:26 GMT+0530 (India Standard Time) - /bookings/U-001 - PUT 
Mon Jul 31 2023 17:03:45 GMT+0530 (India Standard Time) - /reviews - PUT 
Mon Jul 31 2023 17:04:16 GMT+0530 (India Standard Time) - /reviews - PUT 
Mon Jul 31 2023 17:07:30 GMT+0530 (India Standard Time) - /reviews - PUT 
Mon Jul 31 2023 17:08:01 GMT+0530 (India Standard Time) - /reviews - PUT 
Mon Jul 31 2023 17:10:05 GMT+0530 (India Standard Time) - /reviews - PUT 
Mon Jul 31 2023 17:10:36 GMT+0530 (India Standard Time) - /reviews - PUT 
Mon Jul 31 2023 17:10:45 GMT+0530 (India Standard Time) - /reviews - PUT 
Mon Jul 31 2023 17:13:33 GMT+0530 (India Standard Time) - /reviews - PUT 
Mon Jul 31 2023 17:15:44 GMT+0530 (India Standard Time) - /reviews - PUT 
Mon Jul 31 2023 17:16:27 GMT+0530 (India Standard Time) - /reviews - PUT 
Mon Jul 31 2023 17:17:22 GMT+0530 (India Standard Time) - /reviews - PUT 
Mon Jul 31 2023 17:18:26 GMT+0530 (India Standard Time) - /reviews - PUT 
Mon Jul 31 2023 17:19:02 GMT+0530 (India Standard Time) - /reviews - PUT 
Mon Jul 31 2023 17:30:28 GMT+0530 (India Standard Time) - /reviews/Zam%20 - GET 
Mon Jul 31 2023 17:30:36 GMT+0530 (India Standard Time) - /reviews/Zam%20Zam - GET 
Mon Jul 31 2023 17:30:50 GMT+0530 (India Standard Time) - /reviews/Paradise%20Stay - GET 
Mon Jul 31 2023 17:31:26 GMT+0530 (India Standard Time) - /reviews/Zam%20Zam - GET 
Mon Jul 31 2023 17:31:40 GMT+0530 (India Standard Time) - /reviews/Zams - GET 
Mon Jul 31 2023 17:32:34 GMT+0530 (India Standard Time) - /reviews/Zam%20Zam - GET 
Mon Jul 31 2023 17:36:31 GMT+0530 (India Standard Time) - /login - GET 
Mon Jul 31 2023 17:38:18 GMT+0530 (India Standard Time) - /logout - GET 
Mon Jul 31 2023 17:40:33 GMT+0530 (India Standard Time) - /logout - PATCH 
Mon Jul 31 2023 17:40:41 GMT+0530 (India Standard Time) - /login - PUT 
Mon Jul 31 2023 17:40:47 GMT+0530 (India Standard Time) - /hotel - PUT 
Mon Jul 31 2023 17:43:04 GMT+0530 (India Standard Time) - /reviews - PUT 
Mon Jul 31 2023 17:44:03 GMT+0530 (India Standard Time) - /reviews - PUT 
Mon Jul 31 2023 17:44:23 GMT+0530 (India Standard Time) - /reviews - PUT 
